2026-05-12 15:42:38  INFO      pipeline — === APOD ETL [backfill] ===
2026-05-12 15:42:38  INFO      ingestion.apod_ingestion — Starting APOD full backfill: 1995-06-16 → 2026-05-12
2026-05-12 15:42:38  INFO      ingestion.apod_ingestion — Fetching APOD 1995-06-16 → 1995-09-23
2026-05-12 15:42:47  INFO      ingestion.apod_ingestion — Fetching APOD 1995-09-24 → 1996-01-01
2026-05-12 15:42:58  INFO      ingestion.apod_ingestion — Fetching APOD 1996-01-02 → 1996-04-10
2026-05-12 15:43:28  ERROR     ingestion.apod_ingestion — APOD request failed (attempt 1/3): HTTPSConnectionPool(host='api.nasa.gov', port=443): Read timed out. (read timeout=30)
2026-05-12 15:43:41  INFO      ingestion.apod_ingestion — Fetching APOD 1996-04-11 → 1996-07-19
2026-05-12 15:43:51  INFO      ingestion.apod_ingestion — Fetching APOD 1996-07-20 → 1996-10-27
2026-05-12 15:43:59  INFO      ingestion.apod_ingestion — Fetching APOD 1996-10-28 → 1997-02-04
2026-05-12 15:44:11  INFO      ingestion.apod_ingestion — Fetching APOD 1997-02-05 → 1997-05-15
2026-05-12 15:44:21  INFO      ingestion.apod_ingestion — Fetching APOD 1997-05-16 → 1997-08-23
2026-05-12 15:44:24  INFO      pipeline — === Zero-shot Classification ===
2026-05-12 15:44:24  INFO      pipeline — No unclassified APOD entries — skipping.
2026-05-12 15:44:24  INFO      pipeline — === Sentiment Scoring ===
2026-05-12 15:44:24  INFO      pipeline — No pending sentiment records — skipping.
2026-05-12 15:44:24  INFO      pipeline — === Semantic Embeddings ===
2026-05-12 15:44:24  INFO      pipeline — All APOD entries already embedded — skipping.
2026-05-12 15:44:28  INFO      ingestion.apod_ingestion — Fetching APOD 1997-08-24 → 1997-12-01
2026-05-12 15:44:38  INFO      ingestion.apod_ingestion — Fetching APOD 1997-12-02 → 1998-03-11
2026-05-12 15:44:48  INFO      ingestion.apod_ingestion — Fetching APOD 1998-03-12 → 1998-06-19
2026-05-12 15:44:58  INFO      ingestion.apod_ingestion — Fetching APOD 1998-06-20 → 1998-09-27
2026-05-12 15:45:12  INFO      ingestion.apod_ingestion — Fetching APOD 1998-09-28 → 1999-01-05
2026-05-12 15:45:21  INFO      ingestion.apod_ingestion — Fetching APOD 1999-01-06 → 1999-04-15
2026-05-12 15:45:33  INFO      ingestion.apod_ingestion — Fetching APOD 1999-04-16 → 1999-07-24
2026-05-12 15:45:42  INFO      ingestion.apod_ingestion — Fetching APOD 1999-07-25 → 1999-11-01
2026-05-12 15:45:51  INFO      ingestion.apod_ingestion — Fetching APOD 1999-11-02 → 2000-02-09
2026-05-12 15:46:00  INFO      ingestion.apod_ingestion — Fetching APOD 2000-02-10 → 2000-05-19
2026-05-12 15:46:09  INFO      ingestion.apod_ingestion — Fetching APOD 2000-05-20 → 2000-08-27
2026-05-12 15:46:24  INFO      ingestion.apod_ingestion — Fetching APOD 2000-08-28 → 2000-12-05
2026-05-12 15:46:38  INFO      ingestion.apod_ingestion — Fetching APOD 2000-12-06 → 2001-03-15
2026-05-12 15:46:47  INFO      ingestion.apod_ingestion — Fetching APOD 2001-03-16 → 2001-06-23
2026-05-12 15:46:58  INFO      ingestion.apod_ingestion — Fetching APOD 2001-06-24 → 2001-10-01
2026-05-12 15:47:06  INFO      ingestion.apod_ingestion — Fetching APOD 2001-10-02 → 2002-01-09
2026-05-12 15:47:15  INFO      ingestion.apod_ingestion — Fetching APOD 2002-01-10 → 2002-04-19
2026-05-12 15:47:30  INFO      ingestion.apod_ingestion — Fetching APOD 2002-04-20 → 2002-07-28
2026-05-12 15:47:39  INFO      ingestion.apod_ingestion — Fetching APOD 2002-07-29 → 2002-11-05
2026-05-12 15:47:49  INFO      ingestion.apod_ingestion — Fetching APOD 2002-11-06 → 2003-02-13
2026-05-12 15:47:58  INFO      ingestion.apod_ingestion — Fetching APOD 2003-02-14 → 2003-05-24
2026-05-12 15:48:07  INFO      ingestion.apod_ingestion — Fetching APOD 2003-05-25 → 2003-09-01
2026-05-12 15:48:17  INFO      ingestion.apod_ingestion — Fetching APOD 2003-09-02 → 2003-12-10
2026-05-12 15:48:26  INFO      ingestion.apod_ingestion — Fetching APOD 2003-12-11 → 2004-03-19
2026-05-12 15:48:37  INFO      ingestion.apod_ingestion — Fetching APOD 2004-03-20 → 2004-06-27
2026-05-12 15:48:51  INFO      ingestion.apod_ingestion — Fetching APOD 2004-06-28 → 2004-10-05
2026-05-12 15:49:01  INFO      ingestion.apod_ingestion — Fetching APOD 2004-10-06 → 2005-01-13
2026-05-12 15:49:10  INFO      ingestion.apod_ingestion — Fetching APOD 2005-01-14 → 2005-04-23
2026-05-12 15:49:17  INFO      ingestion.apod_ingestion — Fetching APOD 2005-04-24 → 2005-08-01
2026-05-12 15:49:27  INFO      ingestion.apod_ingestion — Fetching APOD 2005-08-02 → 2005-11-09
2026-05-12 15:49:35  INFO      ingestion.apod_ingestion — Fetching APOD 2005-11-10 → 2006-02-17
2026-05-12 15:49:46  INFO      ingestion.apod_ingestion — Fetching APOD 2006-02-18 → 2006-05-28
2026-05-12 15:50:04  INFO      ingestion.apod_ingestion — Fetching APOD 2006-05-29 → 2006-09-05
2026-05-12 15:50:13  INFO      ingestion.apod_ingestion — Fetching APOD 2006-09-06 → 2006-12-14
2026-05-12 15:50:22  INFO      ingestion.apod_ingestion — Fetching APOD 2006-12-15 → 2007-03-24
2026-05-12 15:50:37  INFO      ingestion.apod_ingestion — Fetching APOD 2007-03-25 → 2007-07-02
2026-05-12 15:50:46  INFO      ingestion.apod_ingestion — Fetching APOD 2007-07-03 → 2007-10-10
2026-05-12 15:50:55  INFO      ingestion.apod_ingestion — Fetching APOD 2007-10-11 → 2008-01-18
2026-05-12 15:51:08  INFO      ingestion.apod_ingestion — Fetching APOD 2008-01-19 → 2008-04-27
2026-05-12 15:51:19  INFO      ingestion.apod_ingestion — Fetching APOD 2008-04-28 → 2008-08-05
2026-05-12 15:51:27  INFO      ingestion.apod_ingestion — Fetching APOD 2008-08-06 → 2008-11-13
2026-05-12 15:51:38  INFO      ingestion.apod_ingestion — Fetching APOD 2008-11-14 → 2009-02-21
2026-05-12 15:51:48  INFO      ingestion.apod_ingestion — Fetching APOD 2009-02-22 → 2009-06-01
2026-05-12 15:51:56  INFO      ingestion.apod_ingestion — Fetching APOD 2009-06-02 → 2009-09-09
2026-05-12 15:52:04  INFO      ingestion.apod_ingestion — Fetching APOD 2009-09-10 → 2009-12-18
2026-05-12 15:52:14  INFO      ingestion.apod_ingestion — Fetching APOD 2009-12-19 → 2010-03-28
2026-05-12 15:52:23  INFO      ingestion.apod_ingestion — Fetching APOD 2010-03-29 → 2010-07-06
2026-05-12 15:52:32  INFO      ingestion.apod_ingestion — Fetching APOD 2010-07-07 → 2010-10-14
2026-05-12 15:52:44  INFO      ingestion.apod_ingestion — Fetching APOD 2010-10-15 → 2011-01-22
2026-05-12 15:52:52  INFO      ingestion.apod_ingestion — Fetching APOD 2011-01-23 → 2011-05-02
2026-05-12 15:53:00  INFO      ingestion.apod_ingestion — Fetching APOD 2011-05-03 → 2011-08-10
2026-05-12 15:53:14  INFO      ingestion.apod_ingestion — Fetching APOD 2011-08-11 → 2011-11-18
2026-05-12 15:53:26  INFO      ingestion.apod_ingestion — Fetching APOD 2011-11-19 → 2012-02-26
2026-05-12 15:53:36  INFO      ingestion.apod_ingestion — Fetching APOD 2012-02-27 → 2012-06-05
2026-05-12 15:53:47  INFO      ingestion.apod_ingestion — Fetching APOD 2012-06-06 → 2012-09-13
2026-05-12 15:54:00  INFO      ingestion.apod_ingestion — Fetching APOD 2012-09-14 → 2012-12-22
2026-05-12 15:54:08  INFO      ingestion.apod_ingestion — Fetching APOD 2012-12-23 → 2013-04-01
2026-05-12 15:54:17  INFO      ingestion.apod_ingestion — Fetching APOD 2013-04-02 → 2013-07-10
2026-05-12 15:54:27  INFO      ingestion.apod_ingestion — Fetching APOD 2013-07-11 → 2013-10-18
2026-05-12 15:54:38  INFO      ingestion.apod_ingestion — Fetching APOD 2013-10-19 → 2014-01-26
2026-05-12 15:54:50  INFO      ingestion.apod_ingestion — Fetching APOD 2014-01-27 → 2014-05-06
2026-05-12 15:54:58  INFO      ingestion.apod_ingestion — Fetching APOD 2014-05-07 → 2014-08-14
2026-05-12 15:55:10  INFO      ingestion.apod_ingestion — Fetching APOD 2014-08-15 → 2014-11-22
2026-05-12 15:55:25  INFO      ingestion.apod_ingestion — Fetching APOD 2014-11-23 → 2015-03-02
2026-05-12 15:55:37  INFO      ingestion.apod_ingestion — Fetching APOD 2015-03-03 → 2015-06-10
2026-05-12 15:55:47  INFO      ingestion.apod_ingestion — Fetching APOD 2015-06-11 → 2015-09-18
2026-05-12 15:56:10  INFO      ingestion.apod_ingestion — Fetching APOD 2015-09-19 → 2015-12-27
2026-05-12 15:56:18  INFO      ingestion.apod_ingestion — Fetching APOD 2015-12-28 → 2016-04-05
2026-05-12 15:56:31  INFO      ingestion.apod_ingestion — Fetching APOD 2016-04-06 → 2016-07-14
2026-05-12 15:56:38  INFO      ingestion.apod_ingestion — Fetching APOD 2016-07-15 → 2016-10-22
2026-05-12 15:56:47  INFO      ingestion.apod_ingestion — Fetching APOD 2016-10-23 → 2017-01-30
2026-05-12 15:56:56  INFO      ingestion.apod_ingestion — Fetching APOD 2017-01-31 → 2017-05-10
2026-05-12 15:57:05  INFO      ingestion.apod_ingestion — Fetching APOD 2017-05-11 → 2017-08-18
2026-05-12 15:57:17  INFO      ingestion.apod_ingestion — Fetching APOD 2017-08-19 → 2017-11-26
2026-05-12 15:57:27  INFO      ingestion.apod_ingestion — Fetching APOD 2017-11-27 → 2018-03-06
2026-05-12 15:57:42  INFO      ingestion.apod_ingestion — Fetching APOD 2018-03-07 → 2018-06-14
2026-05-12 15:57:51  INFO      ingestion.apod_ingestion — Fetching APOD 2018-06-15 → 2018-09-22
2026-05-12 15:58:06  INFO      ingestion.apod_ingestion — Fetching APOD 2018-09-23 → 2018-12-31
2026-05-12 15:58:22  INFO      ingestion.apod_ingestion — Fetching APOD 2019-01-01 → 2019-04-10
2026-05-12 15:58:31  INFO      ingestion.apod_ingestion — Fetching APOD 2019-04-11 → 2019-07-19
2026-05-12 15:58:42  INFO      ingestion.apod_ingestion — Fetching APOD 2019-07-20 → 2019-10-27
2026-05-12 15:59:02  INFO      ingestion.apod_ingestion — Fetching APOD 2019-10-28 → 2020-02-04
2026-05-12 15:59:18  INFO      ingestion.apod_ingestion — Fetching APOD 2020-02-05 → 2020-05-14
2026-05-12 15:59:32  INFO      ingestion.apod_ingestion — Fetching APOD 2020-05-15 → 2020-08-22
2026-05-12 15:59:47  INFO      ingestion.apod_ingestion — Fetching APOD 2020-08-23 → 2020-11-30
2026-05-12 16:00:02  INFO      ingestion.apod_ingestion — Fetching APOD 2020-12-01 → 2021-03-10
2026-05-12 16:00:30  INFO      ingestion.apod_ingestion — Fetching APOD 2021-03-11 → 2021-06-18
2026-05-12 16:00:59  INFO      ingestion.apod_ingestion — Fetching APOD 2021-06-19 → 2021-09-26
2026-05-12 16:01:12  INFO      ingestion.apod_ingestion — Fetching APOD 2021-09-27 → 2022-01-04
2026-05-12 16:01:24  INFO      ingestion.apod_ingestion — Fetching APOD 2022-01-05 → 2022-04-14
2026-05-12 16:01:38  INFO      ingestion.apod_ingestion — Fetching APOD 2022-04-15 → 2022-07-23
2026-05-12 16:01:46  INFO      ingestion.apod_ingestion — Fetching APOD 2022-07-24 → 2022-10-31
2026-05-12 16:01:55  INFO      ingestion.apod_ingestion — Fetching APOD 2022-11-01 → 2023-02-08
2026-05-12 16:02:05  INFO      ingestion.apod_ingestion — Fetching APOD 2023-02-09 → 2023-05-19
2026-05-12 16:02:16  INFO      ingestion.apod_ingestion — Fetching APOD 2023-05-20 → 2023-08-27
2026-05-12 16:02:27  INFO      ingestion.apod_ingestion — Fetching APOD 2023-08-28 → 2023-12-05
2026-05-12 16:02:40  INFO      ingestion.apod_ingestion — Fetching APOD 2023-12-06 → 2024-03-14
2026-05-12 16:02:55  INFO      ingestion.apod_ingestion — Fetching APOD 2024-03-15 → 2024-06-22
2026-05-12 16:03:05  INFO      ingestion.apod_ingestion — Fetching APOD 2024-06-23 → 2024-09-30
2026-05-12 16:03:19  INFO      ingestion.apod_ingestion — Fetching APOD 2024-10-01 → 2025-01-08
2026-05-12 16:03:33  INFO      ingestion.apod_ingestion — Fetching APOD 2025-01-09 → 2025-04-18
2026-05-12 16:03:42  INFO      ingestion.apod_ingestion — Fetching APOD 2025-04-19 → 2025-07-27
2026-05-12 16:03:53  INFO      ingestion.apod_ingestion — Fetching APOD 2025-07-28 → 2025-11-04
2026-05-12 16:04:04  INFO      ingestion.apod_ingestion — Fetching APOD 2025-11-05 → 2026-02-12
2026-05-12 16:04:13  INFO      ingestion.apod_ingestion — Fetching APOD 2026-02-13 → 2026-05-12
2026-05-12 16:04:22  INFO      pipeline — APOD ETL done: 11284 upserted, 11284 total in DB.
2026-05-12 16:04:22  INFO      pipeline — === EONET ETL [backfill] ===
2026-05-12 16:04:22  INFO      ingestion.eonet_ingestion — EONET backfill: 2024-05-12 → 2026-05-12
2026-05-12 16:04:23  INFO      ingestion.eonet_ingestion — Fetching EONET closed events 2024-05-12→2026-05-12 page 1
2026-05-12 16:04:26  INFO      ingestion.eonet_ingestion — Fetching EONET closed events 2024-05-12→2026-05-12 page 2
2026-05-12 16:04:29  INFO      ingestion.eonet_ingestion — Fetching EONET closed events 2024-05-12→2026-05-12 page 3
2026-05-12 16:04:32  INFO      ingestion.eonet_ingestion — Fetching EONET closed events 2024-05-12→2026-05-12 page 4
2026-05-12 16:04:35  INFO      ingestion.eonet_ingestion — Fetching EONET closed events 2024-05-12→2026-05-12 page 5
2026-05-12 16:04:38  INFO      ingestion.eonet_ingestion — Fetching EONET closed events 2024-05-12→2026-05-12 page 6
2026-05-12 16:04:44  INFO      ingestion.eonet_ingestion — Fetching EONET closed events 2024-05-12→2026-05-12 page 7
2026-05-12 16:04:48  INFO      ingestion.eonet_ingestion — Fetching EONET closed events 2024-05-12→2026-05-12 page 8
2026-05-12 16:04:51  INFO      ingestion.eonet_ingestion — Fetching EONET closed events 2024-05-12→2026-05-12 page 9
2026-05-12 16:04:54  INFO      ingestion.eonet_ingestion — Fetching EONET closed events 2024-05-12→2026-05-12 page 10
2026-05-12 16:04:57  INFO      ingestion.eonet_ingestion — Fetching EONET closed events 2024-05-12→2026-05-12 page 11
2026-05-12 16:04:57  ERROR     ingestion.eonet_ingestion — EONET request failed (attempt 1/3): 503 Server Error: Service Unavailable for url: https://eonet.gsfc.nasa.gov/api/v3/events?status=closed&start=2024-05-12&end=2026-05-12&limit=1000&page=11
2026-05-12 16:05:00  ERROR     ingestion.eonet_ingestion — EONET request failed (attempt 2/3): 503 Server Error: Service Unavailable for url: https://eonet.gsfc.nasa.gov/api/v3/events?status=closed&start=2024-05-12&end=2026-05-12&limit=1000&page=11
2026-05-12 16:05:07  INFO      ingestion.eonet_ingestion — Fetching EONET closed events 2024-05-12→2026-05-12 page 12
2026-05-12 16:05:11  INFO      ingestion.eonet_ingestion — Fetching EONET closed events 2024-05-12→2026-05-12 page 13
2026-05-12 16:05:15  INFO      ingestion.eonet_ingestion — Fetching EONET closed events 2024-05-12→2026-05-12 page 14
2026-05-12 16:05:18  INFO      ingestion.eonet_ingestion — Fetching EONET closed events 2024-05-12→2026-05-12 page 15
2026-05-12 16:05:27  INFO      ingestion.eonet_ingestion — Fetching EONET closed events 2024-05-12→2026-05-12 page 16
2026-05-12 16:05:30  INFO      ingestion.eonet_ingestion — Fetching EONET closed events 2024-05-12→2026-05-12 page 17
2026-05-12 16:05:33  INFO      ingestion.eonet_ingestion — Fetching EONET closed events 2024-05-12→2026-05-12 page 18
2026-05-12 16:05:36  INFO      ingestion.eonet_ingestion — Fetching EONET closed events 2024-05-12→2026-05-12 page 19
2026-05-12 16:05:40  INFO      ingestion.eonet_ingestion — Fetching EONET closed events 2024-05-12→2026-05-12 page 20
2026-05-12 16:05:43  INFO      ingestion.eonet_ingestion — Fetching EONET closed events 2024-05-12→2026-05-12 page 21
2026-05-12 16:05:44  ERROR     ingestion.eonet_ingestion — EONET request failed (attempt 1/3): 503 Server Error: Service Unavailable for url: https://eonet.gsfc.nasa.gov/api/v3/events?status=closed&start=2024-05-12&end=2026-05-12&limit=1000&page=21
2026-05-12 16:05:46  ERROR     ingestion.eonet_ingestion — EONET request failed (attempt 2/3): 503 Server Error: Service Unavailable for url: https://eonet.gsfc.nasa.gov/api/v3/events?status=closed&start=2024-05-12&end=2026-05-12&limit=1000&page=21
2026-05-12 16:05:51  ERROR     ingestion.eonet_ingestion — EONET request failed (attempt 3/3): 503 Server Error: Service Unavailable for url: https://eonet.gsfc.nasa.gov/api/v3/events?status=closed&start=2024-05-12&end=2026-05-12&limit=1000&page=21
2026-05-12 16:05:51  INFO      pipeline — EONET ETL done: 21000 upserted, 2000 total in DB.
2026-05-12 16:05:51  INFO      pipeline — === Zero-shot Classification ===
2026-05-12 16:05:51  INFO      pipeline — Classifying 11284 entries…
2026-05-12 16:05:56  INFO      models.classifier — Loading zero-shot classifier (facebook/bart-large-mnli)…
2026-05-12 16:05:57  WARNING   huggingface_hub.file_download — Xet Storage is enabled for this repo, but the 'hf_xet' package is not installed. Falling back to regular HTTP download. For better performance, install the package with: `pip install huggingface_hub[hf_xet]` or `pip install hf_xet`
2026-05-12 16:06:16  INFO      models.classifier — Classifier ready.
2026-05-12 16:06:16  INFO      models.classifier — Classifying records 1–8 of 11284…
2026-05-12 16:06:49  INFO      models.classifier — Classifying records 9–16 of 11284…
2026-05-12 16:07:26  INFO      models.classifier — Classifying records 17–24 of 11284…
2026-05-12 16:08:01  INFO      models.classifier — Classifying records 25–32 of 11284…
2026-05-12 16:08:39  INFO      models.classifier — Classifying records 33–40 of 11284…
2026-05-12 16:09:09  INFO      models.classifier — Classifying records 41–48 of 11284…
2026-05-12 16:09:33  INFO      models.classifier — Classifying records 49–56 of 11284…
2026-05-12 16:09:57  INFO      models.classifier — Classifying records 57–64 of 11284…
2026-05-12 16:10:22  INFO      models.classifier — Classifying records 65–72 of 11284…
2026-05-12 16:10:51  INFO      models.classifier — Classifying records 73–80 of 11284…
2026-05-12 16:11:14  INFO      models.classifier — Classifying records 81–88 of 11284…
2026-05-12 16:11:39  INFO      models.classifier — Classifying records 89–96 of 11284…
2026-05-12 16:12:05  INFO      models.classifier — Classifying records 97–104 of 11284…
2026-05-12 16:12:30  INFO      models.classifier — Classifying records 105–112 of 11284…
2026-05-12 16:12:54  INFO      models.classifier — Classifying records 113–120 of 11284…
2026-05-12 16:13:16  INFO      models.classifier — Classifying records 121–128 of 11284…
2026-05-12 16:13:36  INFO      models.classifier — Classifying records 129–136 of 11284…
